<?xml version="1.0" encoding="UTF-8"?>
<!-- Generated by org.testng.reporters.JUnitReportReporter -->
<testsuite hostname="DESKTOP-N53037L" failures="0" tests="2" name="miniproject_01.ProductCategoriesAndDisplay" time="16.086" errors="0" timestamp="2025-02-15T20:52:08 IST" skipped="0">
  <testcase classname="miniproject_01.ProductCategoriesAndDisplay" name="MenuVerifications" time="0.550"/>
  <testcase classname="miniproject_01.ProductCategoriesAndDisplay" name="login" time="15.536"/>
</testsuite> <!-- miniproject_01.ProductCategoriesAndDisplay -->
