<?xml version="1.0" encoding="UTF-8"?>
<!-- Generated by org.testng.reporters.JUnitReportReporter -->
<testsuite hostname="DESKTOP-N53037L" failures="0" tests="1" name="miniproject_01.loginTest" time="16.050" errors="0" timestamp="2025-02-15T20:37:38 IST" skipped="0">
  <testcase classname="miniproject_01.loginTest" name="login" time="16.050"/>
</testsuite> <!-- miniproject_01.loginTest -->
