<?xml version="1.0" encoding="UTF-8"?>
<!-- Generated by org.testng.reporters.JUnitReportReporter -->
<testsuite hostname="DESKTOP-N53037L" failures="0" tests="2" name="miniproject_01.AddingToCart" time="11.942" errors="0" timestamp="2025-02-15T21:05:54 IST" skipped="0">
  <testcase classname="miniproject_01.AddingToCart" name="login" time="0.656"/>
  <testcase classname="miniproject_01.AddingToCart" name="AddCart" time="11.286"/>
</testsuite> <!-- miniproject_01.AddingToCart -->
