<?xml version="1.0" encoding="UTF-8"?>
<!-- Generated by org.testng.reporters.JUnitReportReporter -->
<testsuite hostname="DESKTOP-N53037L" failures="0" tests="3" name="miniproject_01.CartFuctionality" time="34.537" errors="0" timestamp="2025-02-15T21:39:35 IST" skipped="0">
  <testcase classname="miniproject_01.CartFuctionality" name="DeleteItem" time="6.175"/>
  <testcase classname="miniproject_01.CartFuctionality" name="AddCart" time="12.309"/>
  <testcase classname="miniproject_01.CartFuctionality" name="login" time="16.053"/>
</testsuite> <!-- miniproject_01.CartFuctionality -->
