<?xml version="1.0" encoding="UTF-8"?>
<!-- Generated by org.testng.reporters.JUnitReportReporter -->
<testsuite hostname="DESKTOP-N53037L" failures="0" tests="2" name="miniproject_01.logoutTest" time="22.797" errors="0" timestamp="2025-02-14T19:42:03 IST" skipped="0">
  <testcase classname="miniproject_01.logoutTest" name="logout" time="6.792"/>
  <testcase classname="miniproject_01.logoutTest" name="login" time="16.005"/>
</testsuite> <!-- miniproject_01.logoutTest -->
