<?xml version="1.0" encoding="UTF-8"?>
<!-- Generated by org.testng.reporters.JUnitReportReporter -->
<testsuite hostname="DESKTOP-N53037L" failures="0" tests="1" name="miniproject_01.signingupTest" time="22.042" errors="0" timestamp="2025-02-14T12:07:48 IST" skipped="0">
  <testcase classname="miniproject_01.signingupTest" name="signup" time="22.042"/>
</testsuite> <!-- miniproject_01.signingupTest -->
